{
  "stats": {
    "suites": 1,
    "tests": 6,
    "passes": 3,
    "pending": 0,
    "failures": 3,
    "start": "2022-08-12T10:41:41.661Z",
    "end": "2022-08-12T10:42:04.986Z",
    "duration": 23325,
    "testsRegistered": 6,
    "passPercent": 50,
    "pendingPercent": 0,
    "other": 0,
    "hasOther": false,
    "skipped": 0,
    "hasSkipped": false
  },
  "results": [
    {
      "uuid": "3958369d-d4c4-4460-8bcc-463e89c8f57e",
      "title": "",
      "fullFile": "cypress\\e2e\\firstTest.cy.js",
      "file": "cypress\\e2e\\firstTest.cy.js",
      "beforeHooks": [],
      "afterHooks": [],
      "tests": [],
      "suites": [
        {
          "uuid": "cd425cd7-0630-4074-b6f6-964c5153dee5",
          "title": "Test with backend",
          "fullFile": "",
          "file": "",
          "beforeHooks": [],
          "afterHooks": [],
          "tests": [
            {
              "title": "Verify correct request and response",
              "fullTitle": "Test with backend Verify correct request and response",
              "timedOut": null,
              "duration": 6772,
              "state": "failed",
              "speed": null,
              "pass": false,
              "fail": true,
              "pending": false,
              "context": null,
              "code": "// to it.skip() this test\n// striked because they will be deprecated in future but working for now\n// cy.server() // to create the cypress server\n// cy.route('POST', '**/articles').as('postArticles') // route() for giving method, end point & as() for alias \ncy.intercept('POST', '**/articles').as('postArticles');\ncy.contains('New Article').click();\ncy.get('[formcontrolname=\"title\"]').type('This is title');\ncy.get('[formcontrolname=\"description\"]').type('this is description');\ncy.get('[formcontrolname=\"body\"]').type('this is a body of the Article'); // cy.get('[placeholder=\"Enter tags\"]').type('artcl_003')\ncy.get('button').contains('Publish Article').click({\n  force: true\n});\ncy.wait('@postArticles'); // @ used with alias to wait for the request\ncy.get('@postArticles').then(xhr => {\n  console.log(xhr); // to see the request in console log\n  expect(xhr.response.statusCode).to.equal(200); // Assertions\n  expect(xhr.request.body.article.body).to.equal('this is a body of the Article');\n  expect(xhr.response.body.article.description).to.equal('this is description');\n});",
              "err": {
                "message": "AssertionError: expected 307 to equal 200",
                "estack": "AssertionError: expected 307 to equal 200\n    ./cypress/e2e/firstTest.cy.js/</</<@http://localhost:4200/__cypress/tests?p=cypress\\e2e\\firstTest.cy.js:136:42\n    getRet@http://localhost:4200/__cypress/runner/cypress_runner.js:153464:20\n    tryCatcher@http://localhost:4200/__cypress/runner/cypress_runner.js:13012:23\n    ../../node_modules/bluebird/js/release/method.js/module.exports/Promise.try@http://localhost:4200/__cypress/runner/cypress_runner.js:10286:29\n    thenFn@http://localhost:4200/__cypress/runner/cypress_runner.js:153482:60\n    then@http://localhost:4200/__cypress/runner/cypress_runner.js:153934:21\n    ../driver/src/cypress/cy.ts/addCommand/wrapByType/<@http://localhost:4200/__cypress/runner/cypress_runner.js:171664:19\n    ../driver/src/cypress/command_queue.ts/runCommand/<@http://localhost:4200/__cypress/runner/cypress_runner.js:170362:15\n    tryCatcher@http://localhost:4200/__cypress/runner/cypress_runner.js:13012:23\n    ../../node_modules/bluebird/js/release/promise.js/</module.exports/Promise.prototype._settlePromiseFromHandler@http://localhost:4200/__cypress/runner/cypress_runner.js:10947:31\n    ../../node_modules/bluebird/js/release/promise.js/</module.exports/Promise.prototype._settlePromise@http://localhost:4200/__cypress/runner/cypress_runner.js:11004:18\n    ../../node_modules/bluebird/js/release/promise.js/</module.exports/Promise.prototype._settlePromiseCtx@http://localhost:4200/__cypress/runner/cypress_runner.js:11041:10\n    _drainQueueStep@http://localhost:4200/__cypress/runner/cypress_runner.js:7723:12\n    _drainQueue@http://localhost:4200/__cypress/runner/cypress_runner.js:7712:24\n    ../../node_modules/bluebird/js/release/async.js/</Async.prototype._drainQueues@http://localhost:4200/__cypress/runner/cypress_runner.js:7728:16\n    ../../node_modules/bluebird/js/release/async.js/</Async/this.drainQueues@http://localhost:4200/__cypress/runner/cypress_runner.js:7598:14\n",
                "diff": "- 307\n+ 200\n"
              },
              "uuid": "b4e5420d-9b23-4935-9418-fd79a9c523e5",
              "parentUUID": "cd425cd7-0630-4074-b6f6-964c5153dee5",
              "isHook": false,
              "skipped": false
            },
            {
              "title": "Intercepting and modifying the request and response",
              "fullTitle": "Test with backend Intercepting and modifying the request and response",
              "timedOut": null,
              "duration": 5242,
              "state": "failed",
              "speed": null,
              "pass": false,
              "fail": true,
              "pending": false,
              "context": null,
              "code": "// to it.skip() this test\n// striked because they will be deprecated in future but working for now\n// cy.server() // to create the cypress server\n// cy.route('POST', '**/articles').as('postArticles') // route() for giving method, end point & as() for alias \n// cy.intercept('POST', '**/articles', (req) =>{\n//     req.body.article.description = \"This is description 2\" // to modify the request\n// }).as('postArticles')\ncy.intercept('POST', '**/articles', req => {\n  req.reply(res => {\n    expect(res.body.article.description).to.equal('This is description');\n    res.body.article.description = \"This is description 2\";\n  });\n}).as('postArticles');\ncy.contains('New Article').click();\ncy.get('[formcontrolname=\"title\"]').type('446Deweerrs');\ncy.get('[formcontrolname=\"description\"]').type('This is description');\ncy.get('[formcontrolname=\"body\"]').type('This is a body of the Article'); // cy.get('[placeholder=\"Enter tags\"]').type('artcl_003')\ncy.contains('Publish Article').click();\ncy.wait('@postArticles'); // @ used with alias to wait for the request\ncy.get('@postArticles').then(fetch => {\n  // console.log(JSON.parse(JSON.stringify(xhr.response)))  // to see the request in console log\n  console.log(fetch.response);\n  expect(fetch.response.statusCode).to.equal(307); // Assertions\n  expect(fetch.response.body.article.body).to.equal('This is a body of the Article'); // console.log(xhr.request.body.article.description)\n  expect(fetch.response.body.article.description).to.equal('This is description 2');\n});",
              "err": {
                "message": "TypeError: res.body.article is undefined",
                "estack": "TypeError: res.body.article is undefined\n./cypress/e2e/firstTest.cy.js/</</</<@http://localhost:4200/__cypress/tests?p=cypress\\e2e\\firstTest.cy.js:152:9\n../driver/src/cy/net-stubbing/events/response.ts/onResponse/<@http://localhost:4200/__cypress/runner/cypress_runner.js:165784:12\ntryCatcher@http://localhost:4200/__cypress/runner/cypress_runner.js:13012:23\n../../node_modules/bluebird/js/release/method.js/module.exports/Promise.try@http://localhost:4200/__cypress/runner/cypress_runner.js:10286:29\nonResponse@http://localhost:4200/__cypress/runner/cypress_runner.js:165783:58\n../driver/src/cy/net-stubbing/events/index.ts/registerEvents/</<@http://localhost:4200/__cypress/runner/cypress_runner.js:165555:28\ntryCatcher@http://localhost:4200/__cypress/runner/cypress_runner.js:13012:23\n../../node_modules/bluebird/js/release/method.js/module.exports/Promise.try@http://localhost:4200/__cypress/runner/cypress_runner.js:10286:29\n../driver/src/cy/net-stubbing/events/index.ts/registerEvents/<@http://localhost:4200/__cypress/runner/cypress_runner.js:165509:53\n../driver/node_modules/eventemitter2/lib/eventemitter2.js/</EventEmitter.prototype.emit@http://localhost:4200/__cypress/runner/cypress_runner.js:103966:19\n../driver/src/cypress/events.ts/extend/events.proxyTo/parent[fn]@http://localhost:4200/__cypress/runner/cypress_runner.js:175333:31\naddGlobalListeners/</<@http://localhost:4200/__/assets/index.4615e94f.js:70202:17\nEmitter2.prototype.emit@http://localhost:4200/__/assets/index.4615e94f.js:11553:23\nemit@http://localhost:4200/__/assets/index.4615e94f.js:13167:11\nemitEvent@http://localhost:4200/__/assets/index.4615e94f.js:13357:16\nonevent@http://localhost:4200/__/assets/index.4615e94f.js:13345:12\nonpacket@http://localhost:4200/__/assets/index.4615e94f.js:13316:14\nEmitter2.prototype.emit@http://localhost:4200/__/assets/index.4615e94f.js:11553:23\nemitReserved@http://localhost:4200/__/assets/index.4615e94f.js:13171:11\nondecoded@http://localhost:4200/__/assets/index.4615e94f.js:13648:10\nEmitter2.prototype.emit@http://localhost:4200/__/assets/index.4615e94f.js:11553:23\nadd@http://localhost:4200/__/assets/index.4615e94f.js:13020:17\nondata@http://localhost:4200/__/assets/index.4615e94f.js:13645:18\nEmitter2.prototype.emit@http://localhost:4200/__/assets/index.4615e94f.js:11553:23\nonPacket@http://localhost:4200/__/assets/index.4615e94f.js:12541:16\nsetTransport/<@http://localhost:4200/__/assets/index.4615e94f.js:12410:13\nEmitter2.prototype.emit@http://localhost:4200/__/assets/index.4615e94f.js:11553:23\nonPacket@http://localhost:4200/__/assets/index.4615e94f.js:11615:10\nonData@http://localhost:4200/__/assets/index.4615e94f.js:11612:10\naddEventListeners/this.ws.onmessage@http://localhost:4200/__/assets/index.4615e94f.js:12175:38\n",
                "diff": null
              },
              "uuid": "d4dc7b0a-7ad6-4127-848a-13a52264259e",
              "parentUUID": "cd425cd7-0630-4074-b6f6-964c5153dee5",
              "isHook": false,
              "skipped": false
            },
            {
              "title": "should gave tags with routing object",
              "fullTitle": "Test with backend should gave tags with routing object",
              "timedOut": null,
              "duration": 2830,
              "state": "passed",
              "speed": "fast",
              "pass": true,
              "fail": false,
              "pending": false,
              "context": null,
              "code": "//it.only() to run only this test\ncy.get('.tag-list').should('contain', 'cypress').and('contain', 'automation').and('contain', 'testing');",
              "err": {},
              "uuid": "92ca2670-a67c-46cf-88d7-d980c5f38771",
              "parentUUID": "cd425cd7-0630-4074-b6f6-964c5153dee5",
              "isHook": false,
              "skipped": false
            },
            {
              "title": "should gave tags with routing object",
              "fullTitle": "Test with backend should gave tags with routing object",
              "timedOut": null,
              "duration": 3023,
              "state": "passed",
              "speed": "fast",
              "pass": true,
              "fail": false,
              "pending": false,
              "context": null,
              "code": "//it.only() to run only this test\ncy.get('.tag-list').should('contain', 'cypress').and('contain', 'automation').and('contain', 'testing');",
              "err": {},
              "uuid": "f3af7deb-a8dd-4bce-b7ed-d5e4bf266983",
              "parentUUID": "cd425cd7-0630-4074-b6f6-964c5153dee5",
              "isHook": false,
              "skipped": false
            },
            {
              "title": "Verify the global feed likes count",
              "fullTitle": "Test with backend Verify the global feed likes count",
              "timedOut": null,
              "duration": 2736,
              "state": "passed",
              "speed": "fast",
              "pass": true,
              "fail": false,
              "pending": false,
              "context": null,
              "code": "// Feed tab GET Request fixture call URL without json file small Response directly passing as param\n// cy.route('GET', '**/articles/feed*', '{\"articles\":[],\"articlesCount\":0}') \ncy.intercept('GET', '**/articles/feed*', {\n  \"articles\": [],\n  \"articlesCount\": 0\n}); // Global Feeb tab GET request fixture call URL through json file from fixtures json\n// cy.route('GET', '**/articles*', 'fixture:articles.json') \ncy.intercept('GET', '**/articles*', {\n  fixture: 'articles.json'\n}); // Verify the Global Feed tab fixture articles favorite count\ncy.contains('Global Feed').click();\ncy.get('app-article-list button').then(listOfButtons => {\n  expect(listOfButtons[0]).to.contain(1);\n  expect(listOfButtons[1]).to.contain(5);\n}); // fixture() method to read the fixture files\ncy.fixture('articles').then(file => {\n  const articlelink = file.articles[1].slug; // arcticle name/link from the fixture mocked responsed json file\n  // cy.route('POST', '**/articles/'+articlelink+'/favorite', file) // concatenate the POST method request URL w.r.t to our fixture file\n  cy.intercept('POST', '**/articles/' + articlelink + '/favorite', file);\n});\ncy.get('app-article-list button').eq(1) // for second article which on 1 index\n.click().should('contain', '4'); //assertion fav. icon after click on fav. icon",
              "err": {},
              "uuid": "7a3bfb41-4092-4df3-9f61-ba8ec93e4e80",
              "parentUUID": "cd425cd7-0630-4074-b6f6-964c5153dee5",
              "isHook": false,
              "skipped": false
            },
            {
              "title": "To delete a new article in global feed",
              "fullTitle": "Test with backend To delete a new article in global feed",
              "timedOut": null,
              "duration": 2182,
              "state": "failed",
              "speed": null,
              "pass": false,
              "fail": true,
              "pending": false,
              "context": null,
              "code": "const bodyRequest = {\n  \"article\": {\n    \"tagList\": [],\n    \"title\": \"Request from APIs\",\n    \"description\": \"API testing is easy\",\n    \"body\": \"Angular is cool\"\n  }\n}; // 1 Call login API\n//   cy.request('POST', Cypress.env('apiUrl')+'/api/users/login', UserCredentials)\n//   .its('body').then(body =>{\n//       const token = body.user.token\ncy.get('@token').then(token => {\n  // token getting from commands.js\n  // 2 get token from login API & then call articles API with authorization\n  cy.request({\n    url: Cypress.env('apiUrl') + '/api/articles/',\n    //cocatenate the apiUrl from env variable\n    headers: {\n      'Authorization': 'Token ' + token\n    },\n    // \"Token\" text concatenation with token value from variable\n    method: 'POST',\n    body: bodyRequest\n  }).then(response => {\n    expect(response.status).to.equal(200); // Assertion for 200 response match\n  }); // UI actions\n  cy.wait(500);\n  cy.contains(' Title1656956844385 ').click();\n  cy.get('.article-preview').first().click();\n  cy.get('.article-actions').contains(' Delete Article ').click(); // get Articles objects listing after deletion of first & assertion\n  cy.wait(500);\n  cy.request({\n    url: Cypress.env('apiUrl') + '/api/articles?limit=10&offset=0',\n    headers: {\n      'Authorization': 'Token ' + token\n    },\n    method: 'GET'\n  }).its('body').then(body => {\n    //   console.log(body)\n    expect(body.articles[0].title).not.to.equal('Request from APIs');\n  });\n});",
              "err": {
                "message": "CypressError: `cy.request()` failed on:\n\nhttps://conduit.productionready.io/api/articles/\n\nThe response we received from your web server was:\n\n  > 422: Unprocessable Entity\n\nThis was considered a failure because the status code was not `2xx` or `3xx`.\n\nIf you do not want status codes to cause failures pass the option: `failOnStatusCode: false`\n\n-----------------------------------------------------------\n\nThe request we sent was:\n\nMethod: POST\nURL: https://conduit.productionready.io/api/articles/\nHeaders: {\n  \"Connection\": \"keep-alive\",\n  \"Authorization\": \"Token eyJhbGciOiJIUzI1NiIsInR5cCI6IkpXVCJ9.eyJlbWFpbCI6ImFydGVtLmJvbmRhcjE2QGdtYWlsLmNvbSIsInVzZXJuYW1lIjoiYXJ0ZW0iLCJpYXQiOjE2NjAzMDA5MjMsImV4cCI6MTY2NTQ4NDkyM30.CaXtoGP5vKizveQWj9yxYLQI_9MpHFQiSGQwax9WW8Q\",\n  \"user-agent\": \"Mozilla/5.0 (Windows NT 10.0; Win64; x64; rv:103.0) Gecko/20100101 Firefox/103.0\",\n  \"accept\": \"*/*\",\n  \"accept-encoding\": \"gzip, deflate\",\n  \"content-type\": \"application/json\",\n  \"content-length\": 115,\n  \"referer\": \"https://conduit.productionready.io/api/articles/\"\n}\nBody: {\"article\":{\"tagList\":[],\"title\":\"Request from APIs\",\"description\":\"API testing is easy\",\"body\":\"Angular is cool\"}}\nRedirects: [\n  \"307: https://api.realworld.io/api/articles/\"\n]\n\n-----------------------------------------------------------\n\nThe response we got was:\n\nStatus: 422 - Unprocessable Entity\nHeaders: {\n  \"date\": \"Fri, 12 Aug 2022 10:42:04 GMT\",\n  \"content-type\": \"application/json; charset=utf-8\",\n  \"content-length\": \"39\",\n  \"connection\": \"keep-alive\",\n  \"x-powered-by\": \"Express\",\n  \"access-control-allow-origin\": \"*\",\n  \"etag\": \"W/\\\"27-BNeuaWQ7DHvW/r+pl+qdJiF06Is\\\"\",\n  \"via\": \"1.1 vegur\",\n  \"cf-cache-status\": \"DYNAMIC\",\n  \"expect-ct\": \"max-age=604800, report-uri=\\\"https://report-uri.cloudflare.com/cdn-cgi/beacon/expect-ct\\\"\",\n  \"report-to\": \"{\\\"endpoints\\\":[{\\\"url\\\":\\\"https:\\\\/\\\\/a.nel.cloudflare.com\\\\/report\\\\/v3?s=9PwR2tIkM1MVSBgHUQgSeLmqG4vVnDUDRV%2Fpq%2B2eh9DXXQlQrKS8sMRhkInvPUyDdaBfI%2BSJgbeGdfi3bssmJ6OXHqpscKXyKPcpNE7a978LcUR61pIhUBrCNbgVRAp2f7t7\\\"}],\\\"group\\\":\\\"cf-nel\\\",\\\"max_age\\\":604800}\",\n  \"nel\": \"{\\\"success_fraction\\\":0,\\\"report_to\\\":\\\"cf-nel\\\",\\\"max_age\\\":604800}\",\n  \"server\": \"cloudflare\",\n  \"cf-ray\": \"73989a28cebfb84e-AMS\",\n  \"alt-svc\": \"h3=\\\":443\\\"; ma=86400, h3-29=\\\":443\\\"; ma=86400\"\n}\nBody: {\n  \"errors\": {\n    \"title\": [\n      \"must be unique\"\n    ]\n  }\n}\n\n\nhttps://on.cypress.io/request",
                "estack": "CypressError: `cy.request()` failed on:\n\nhttps://conduit.productionready.io/api/articles/\n\nThe response we received from your web server was:\n\n  > 422: Unprocessable Entity\n\nThis was considered a failure because the status code was not `2xx` or `3xx`.\n\nIf you do not want status codes to cause failures pass the option: `failOnStatusCode: false`\n\n-----------------------------------------------------------\n\nThe request we sent was:\n\nMethod: POST\nURL: https://conduit.productionready.io/api/articles/\nHeaders: {\n  \"Connection\": \"keep-alive\",\n  \"Authorization\": \"Token eyJhbGciOiJIUzI1NiIsInR5cCI6IkpXVCJ9.eyJlbWFpbCI6ImFydGVtLmJvbmRhcjE2QGdtYWlsLmNvbSIsInVzZXJuYW1lIjoiYXJ0ZW0iLCJpYXQiOjE2NjAzMDA5MjMsImV4cCI6MTY2NTQ4NDkyM30.CaXtoGP5vKizveQWj9yxYLQI_9MpHFQiSGQwax9WW8Q\",\n  \"user-agent\": \"Mozilla/5.0 (Windows NT 10.0; Win64; x64; rv:103.0) Gecko/20100101 Firefox/103.0\",\n  \"accept\": \"*/*\",\n  \"accept-encoding\": \"gzip, deflate\",\n  \"content-type\": \"application/json\",\n  \"content-length\": 115,\n  \"referer\": \"https://conduit.productionready.io/api/articles/\"\n}\nBody: {\"article\":{\"tagList\":[],\"title\":\"Request from APIs\",\"description\":\"API testing is easy\",\"body\":\"Angular is cool\"}}\nRedirects: [\n  \"307: https://api.realworld.io/api/articles/\"\n]\n\n-----------------------------------------------------------\n\nThe response we got was:\n\nStatus: 422 - Unprocessable Entity\nHeaders: {\n  \"date\": \"Fri, 12 Aug 2022 10:42:04 GMT\",\n  \"content-type\": \"application/json; charset=utf-8\",\n  \"content-length\": \"39\",\n  \"connection\": \"keep-alive\",\n  \"x-powered-by\": \"Express\",\n  \"access-control-allow-origin\": \"*\",\n  \"etag\": \"W/\\\"27-BNeuaWQ7DHvW/r+pl+qdJiF06Is\\\"\",\n  \"via\": \"1.1 vegur\",\n  \"cf-cache-status\": \"DYNAMIC\",\n  \"expect-ct\": \"max-age=604800, report-uri=\\\"https://report-uri.cloudflare.com/cdn-cgi/beacon/expect-ct\\\"\",\n  \"report-to\": \"{\\\"endpoints\\\":[{\\\"url\\\":\\\"https:\\\\/\\\\/a.nel.cloudflare.com\\\\/report\\\\/v3?s=9PwR2tIkM1MVSBgHUQgSeLmqG4vVnDUDRV%2Fpq%2B2eh9DXXQlQrKS8sMRhkInvPUyDdaBfI%2BSJgbeGdfi3bssmJ6OXHqpscKXyKPcpNE7a978LcUR61pIhUBrCNbgVRAp2f7t7\\\"}],\\\"group\\\":\\\"cf-nel\\\",\\\"max_age\\\":604800}\",\n  \"nel\": \"{\\\"success_fraction\\\":0,\\\"report_to\\\":\\\"cf-nel\\\",\\\"max_age\\\":604800}\",\n  \"server\": \"cloudflare\",\n  \"cf-ray\": \"73989a28cebfb84e-AMS\",\n  \"alt-svc\": \"h3=\\\":443\\\"; ma=86400, h3-29=\\\":443\\\"; ma=86400\"\n}\nBody: {\n  \"errors\": {\n    \"title\": [\n      \"must be unique\"\n    ]\n  }\n}\n\n\nhttps://on.cypress.io/request\n../driver/src/cy/commands/request.ts/</__webpack_exports__.default/request/<@http://localhost:4200/__cypress/runner/cypress_runner.js:158470:80\ntryCatcher@http://localhost:4200/__cypress/runner/cypress_runner.js:13012:23\n../../node_modules/bluebird/js/release/promise.js/</module.exports/Promise.prototype._settlePromiseFromHandler@http://localhost:4200/__cypress/runner/cypress_runner.js:10947:31\n../../node_modules/bluebird/js/release/promise.js/</module.exports/Promise.prototype._settlePromise@http://localhost:4200/__cypress/runner/cypress_runner.js:11004:18\n../../node_modules/bluebird/js/release/promise.js/</module.exports/Promise.prototype._settlePromise0@http://localhost:4200/__cypress/runner/cypress_runner.js:11049:10\n../../node_modules/bluebird/js/release/promise.js/</module.exports/Promise.prototype._settlePromises@http://localhost:4200/__cypress/runner/cypress_runner.js:11129:18\n_drainQueueStep@http://localhost:4200/__cypress/runner/cypress_runner.js:7719:12\n_drainQueue@http://localhost:4200/__cypress/runner/cypress_runner.js:7712:24\n../../node_modules/bluebird/js/release/async.js/</Async.prototype._drainQueues@http://localhost:4200/__cypress/runner/cypress_runner.js:7728:16\n../../node_modules/bluebird/js/release/async.js/</Async/this.drainQueues@http://localhost:4200/__cypress/runner/cypress_runner.js:7598:14\nFrom Your Spec Code:\n    ensureExistence@http://localhost:4200/__cypress/runner/cypress_runner.js:161930:13\n    ensureExistence@http://localhost:4200/__cypress/runner/cypress_runner.js:148162:23\n    tryCatcher@http://localhost:4200/__cypress/runner/cypress_runner.js:13012:23\n    ../../node_modules/bluebird/js/release/method.js/module.exports/Promise.try@http://localhost:4200/__cypress/runner/cypress_runner.js:10286:29\n    verifyUpcomingAssertions@http://localhost:4200/__cypress/runner/cypress_runner.js:148259:64\n    ../driver/src/cy/commands/connectors.ts/__webpack_exports__.default/invokeBaseFn/resolveValue/<@http://localhost:4200/__cypress/runner/cypress_runner.js:153797:19\n    tryCatcher@http://localhost:4200/__cypress/runner/cypress_runner.js:13012:23\n    ../../node_modules/bluebird/js/release/promise.js/</module.exports/Promise.prototype._settlePromiseFromHandler@http://localhost:4200/__cypress/runner/cypress_runner.js:10947:31\n    ../../node_modules/bluebird/js/release/promise.js/</module.exports/Promise.prototype._settlePromise@http://localhost:4200/__cypress/runner/cypress_runner.js:11004:18\n    ../../node_modules/bluebird/js/release/promise.js/</module.exports/Promise.prototype._settlePromise0@http://localhost:4200/__cypress/runner/cypress_runner.js:11049:10\n    ../../node_modules/bluebird/js/release/promise.js/</module.exports/Promise.prototype._settlePromises@http://localhost:4200/__cypress/runner/cypress_runner.js:11129:18\n    _drainQueueStep@http://localhost:4200/__cypress/runner/cypress_runner.js:7719:12\n    _drainQueue@http://localhost:4200/__cypress/runner/cypress_runner.js:7712:24\n    ../../node_modules/bluebird/js/release/async.js/</Async.prototype._drainQueues@http://localhost:4200/__cypress/runner/cypress_runner.js:7728:16\n    ../../node_modules/bluebird/js/release/async.js/</Async/this.drainQueues@http://localhost:4200/__cypress/runner/cypress_runner.js:7598:14\n",
                "diff": null
              },
              "uuid": "7461e65e-214c-41af-bc92-b94f713008b9",
              "parentUUID": "cd425cd7-0630-4074-b6f6-964c5153dee5",
              "isHook": false,
              "skipped": false
            }
          ],
          "suites": [],
          "passes": [
            "92ca2670-a67c-46cf-88d7-d980c5f38771",
            "f3af7deb-a8dd-4bce-b7ed-d5e4bf266983",
            "7a3bfb41-4092-4df3-9f61-ba8ec93e4e80"
          ],
          "failures": [
            "b4e5420d-9b23-4935-9418-fd79a9c523e5",
            "d4dc7b0a-7ad6-4127-848a-13a52264259e",
            "7461e65e-214c-41af-bc92-b94f713008b9"
          ],
          "pending": [],
          "skipped": [],
          "duration": 22785,
          "root": false,
          "rootEmpty": false,
          "_timeout": 2000
        }
      ],
      "passes": [],
      "failures": [],
      "pending": [],
      "skipped": [],
      "duration": 0,
      "root": true,
      "rootEmpty": true,
      "_timeout": 2000
    }
  ],
  "meta": {
    "mocha": {
      "version": "7.0.1"
    },
    "mochawesome": {
      "options": {
        "quiet": false,
        "reportFilename": "mochawesome",
        "saveHtml": false,
        "saveJson": true,
        "consoleReporter": "spec",
        "useInlineDiffs": false,
        "code": true
      },
      "version": "7.1.3"
    },
    "marge": {
      "options": {
        "id": "default",
        "reportDir": "cypress/results/mochawesome",
        "overwrite": false,
        "html": false,
        "json": true
      },
      "version": "6.2.0"
    }
  }
}