{
  "stats": {
    "suites": 1,
    "tests": 1,
    "passes": 0,
    "pending": 0,
    "failures": 1,
    "start": "2022-07-05T05:23:07.353Z",
    "end": "2022-07-05T05:23:15.297Z",
    "duration": 7944,
    "testsRegistered": 1,
    "passPercent": 0,
    "pendingPercent": 0,
    "other": 0,
    "hasOther": false,
    "skipped": 0,
    "hasSkipped": false
  },
  "results": [
    {
      "uuid": "3bf380cb-5072-4b28-a76a-90de5f4c441d",
      "title": "",
      "fullFile": "cypress\\e2e\\secondTest.cy.js",
      "file": "cypress\\e2e\\secondTest.cy.js",
      "beforeHooks": [],
      "afterHooks": [],
      "tests": [],
      "suites": [
        {
          "uuid": "95c02639-37c3-4c07-a5f1-d5a1b08c508a",
          "title": "Test log out",
          "fullFile": "",
          "file": "",
          "beforeHooks": [],
          "afterHooks": [],
          "tests": [
            {
              "title": "Verify user can logout sucessfully",
              "fullTitle": "Test log out Verify user can logout sucessfully",
              "timedOut": null,
              "duration": 7834,
              "state": "failed",
              "speed": null,
              "pass": false,
              "fail": true,
              "pending": false,
              "context": null,
              "code": "cy.contains('Settings').click();\ncy.contains(' Or click here to logout. ').click();\ncy.get('.navbar-nav').should('contain', ' Sign up');",
              "err": {
                "message": "AssertionError: Timed out retrying after 4000ms: Expected to find content: 'Settings' but never did.",
                "estack": "AssertionError: Timed out retrying after 4000ms: Expected to find content: 'Settings' but never did.\n    at Context.eval (http://localhost:4200/__cypress/tests?p=cypress\\e2e\\secondTest.cy.js:104:8)",
                "diff": null
              },
              "uuid": "88f6f44a-a68a-4510-8166-0739ae3f90d8",
              "parentUUID": "95c02639-37c3-4c07-a5f1-d5a1b08c508a",
              "isHook": false,
              "skipped": false
            }
          ],
          "suites": [],
          "passes": [],
          "failures": [
            "88f6f44a-a68a-4510-8166-0739ae3f90d8"
          ],
          "pending": [],
          "skipped": [],
          "duration": 7834,
          "root": false,
          "rootEmpty": false,
          "_timeout": 2000
        }
      ],
      "passes": [],
      "failures": [],
      "pending": [],
      "skipped": [],
      "duration": 0,
      "root": true,
      "rootEmpty": true,
      "_timeout": 2000
    }
  ],
  "meta": {
    "mocha": {
      "version": "7.0.1"
    },
    "mochawesome": {
      "options": {
        "quiet": false,
        "reportFilename": "mochawesome",
        "saveHtml": false,
        "saveJson": true,
        "consoleReporter": "spec",
        "useInlineDiffs": false,
        "code": true
      },
      "version": "7.1.3"
    },
    "marge": {
      "options": {
        "id": "default",
        "reportDir": "cypress/results/mochawesome",
        "overwrite": false,
        "html": false,
        "json": true
      },
      "version": "6.2.0"
    }
  }
}