{
  "stats": {
    "suites": 1,
    "tests": 1,
    "passes": 1,
    "pending": 0,
    "failures": 0,
    "start": "2022-07-05T05:17:15.665Z",
    "end": "2022-07-05T05:17:22.317Z",
    "duration": 6652,
    "testsRegistered": 1,
    "passPercent": 100,
    "pendingPercent": 0,
    "other": 0,
    "hasOther": false,
    "skipped": 0,
    "hasSkipped": false
  },
  "results": [
    {
      "uuid": "e8decd17-32f3-4ea9-8488-568d6671a5d0",
      "title": "",
      "fullFile": "cypress\\e2e\\secondTest.cy.js",
      "file": "cypress\\e2e\\secondTest.cy.js",
      "beforeHooks": [],
      "afterHooks": [],
      "tests": [],
      "suites": [
        {
          "uuid": "4dde7a42-47cb-47dd-b211-a8112137d4ac",
          "title": "Test log out",
          "fullFile": "",
          "file": "",
          "beforeHooks": [],
          "afterHooks": [],
          "tests": [
            {
              "title": "Verify user can logout sucessfully",
              "fullTitle": "Test log out Verify user can logout sucessfully",
              "timedOut": null,
              "duration": 6537,
              "state": "passed",
              "speed": "medium",
              "pass": true,
              "fail": false,
              "pending": false,
              "context": null,
              "code": "cy.contains('Settings').click();\ncy.contains(' Or click here to logout. ').click();\ncy.get('.navbar-nav').should('contain', ' Sign up');",
              "err": {},
              "uuid": "4f65b1a1-a0e5-45ac-b014-afeda7a9257c",
              "parentUUID": "4dde7a42-47cb-47dd-b211-a8112137d4ac",
              "isHook": false,
              "skipped": false
            }
          ],
          "suites": [],
          "passes": [
            "4f65b1a1-a0e5-45ac-b014-afeda7a9257c"
          ],
          "failures": [],
          "pending": [],
          "skipped": [],
          "duration": 6537,
          "root": false,
          "rootEmpty": false,
          "_timeout": 2000
        }
      ],
      "passes": [],
      "failures": [],
      "pending": [],
      "skipped": [],
      "duration": 0,
      "root": true,
      "rootEmpty": true,
      "_timeout": 2000
    }
  ],
  "meta": {
    "mocha": {
      "version": "7.0.1"
    },
    "mochawesome": {
      "options": {
        "quiet": false,
        "reportFilename": "mochawesome",
        "saveHtml": false,
        "saveJson": true,
        "consoleReporter": "spec",
        "useInlineDiffs": false,
        "code": true
      },
      "version": "7.1.3"
    },
    "marge": {
      "options": {
        "id": "default",
        "reportDir": "cypress/results/mochawesome",
        "overwrite": false,
        "html": false,
        "json": true
      },
      "version": "6.2.0"
    }
  }
}