{
  "stats": {
    "suites": 1,
    "tests": 6,
    "passes": 3,
    "pending": 0,
    "failures": 3,
    "start": "2022-08-12T10:42:31.101Z",
    "end": "2022-08-12T10:42:52.074Z",
    "duration": 20973,
    "testsRegistered": 6,
    "passPercent": 50,
    "pendingPercent": 0,
    "other": 0,
    "hasOther": false,
    "skipped": 0,
    "hasSkipped": false
  },
  "results": [
    {
      "uuid": "903ee82f-84ff-44ff-b634-d50f5d718cf1",
      "title": "",
      "fullFile": "cypress\\e2e\\firstTest.cy.js",
      "file": "cypress\\e2e\\firstTest.cy.js",
      "beforeHooks": [],
      "afterHooks": [],
      "tests": [],
      "suites": [
        {
          "uuid": "a1dfa378-b4d3-4124-bfcf-c27b5b86ad68",
          "title": "Test with backend",
          "fullFile": "",
          "file": "",
          "beforeHooks": [],
          "afterHooks": [],
          "tests": [
            {
              "title": "Verify correct request and response",
              "fullTitle": "Test with backend Verify correct request and response",
              "timedOut": null,
              "duration": 6726,
              "state": "failed",
              "speed": null,
              "pass": false,
              "fail": true,
              "pending": false,
              "context": null,
              "code": "// to it.skip() this test\n// striked because they will be deprecated in future but working for now\n// cy.server() // to create the cypress server\n// cy.route('POST', '**/articles').as('postArticles') // route() for giving method, end point & as() for alias \ncy.intercept('POST', '**/articles').as('postArticles');\ncy.contains('New Article').click();\ncy.get('[formcontrolname=\"title\"]').type('This is title');\ncy.get('[formcontrolname=\"description\"]').type('this is description');\ncy.get('[formcontrolname=\"body\"]').type('this is a body of the Article'); // cy.get('[placeholder=\"Enter tags\"]').type('artcl_003')\ncy.get('button').contains('Publish Article').click({\n  force: true\n});\ncy.wait('@postArticles'); // @ used with alias to wait for the request\ncy.get('@postArticles').then(xhr => {\n  console.log(xhr); // to see the request in console log\n  expect(xhr.response.statusCode).to.equal(200); // Assertions\n  expect(xhr.request.body.article.body).to.equal('this is a body of the Article');\n  expect(xhr.response.body.article.description).to.equal('this is description');\n});",
              "err": {
                "message": "AssertionError: expected 307 to equal 200",
                "estack": "AssertionError: expected 307 to equal 200\n    at Context.eval (http://localhost:4200/__cypress/tests?p=cypress\\e2e\\firstTest.cy.js:136:42)",
                "diff": "- 307\n+ 200\n"
              },
              "uuid": "6c52b26c-da34-47e7-b94a-38bb1788c264",
              "parentUUID": "a1dfa378-b4d3-4124-bfcf-c27b5b86ad68",
              "isHook": false,
              "skipped": false
            },
            {
              "title": "Intercepting and modifying the request and response",
              "fullTitle": "Test with backend Intercepting and modifying the request and response",
              "timedOut": null,
              "duration": 4380,
              "state": "failed",
              "speed": null,
              "pass": false,
              "fail": true,
              "pending": false,
              "context": null,
              "code": "// to it.skip() this test\n// striked because they will be deprecated in future but working for now\n// cy.server() // to create the cypress server\n// cy.route('POST', '**/articles').as('postArticles') // route() for giving method, end point & as() for alias \n// cy.intercept('POST', '**/articles', (req) =>{\n//     req.body.article.description = \"This is description 2\" // to modify the request\n// }).as('postArticles')\ncy.intercept('POST', '**/articles', req => {\n  req.reply(res => {\n    expect(res.body.article.description).to.equal('This is description');\n    res.body.article.description = \"This is description 2\";\n  });\n}).as('postArticles');\ncy.contains('New Article').click();\ncy.get('[formcontrolname=\"title\"]').type('446Deweerrs');\ncy.get('[formcontrolname=\"description\"]').type('This is description');\ncy.get('[formcontrolname=\"body\"]').type('This is a body of the Article'); // cy.get('[placeholder=\"Enter tags\"]').type('artcl_003')\ncy.contains('Publish Article').click();\ncy.wait('@postArticles'); // @ used with alias to wait for the request\ncy.get('@postArticles').then(fetch => {\n  // console.log(JSON.parse(JSON.stringify(xhr.response)))  // to see the request in console log\n  console.log(fetch.response);\n  expect(fetch.response.statusCode).to.equal(307); // Assertions\n  expect(fetch.response.body.article.body).to.equal('This is a body of the Article'); // console.log(xhr.request.body.article.description)\n  expect(fetch.response.body.article.description).to.equal('This is description 2');\n});",
              "err": {
                "message": "TypeError: Cannot read properties of undefined (reading 'description')",
                "estack": "TypeError: Cannot read properties of undefined (reading 'description')\n    at eval (http://localhost:4200/__cypress/tests?p=cypress\\e2e\\firstTest.cy.js:152:33)",
                "diff": null
              },
              "uuid": "2a8b63ac-40db-4eb1-869c-9a37f4f8dde7",
              "parentUUID": "a1dfa378-b4d3-4124-bfcf-c27b5b86ad68",
              "isHook": false,
              "skipped": false
            },
            {
              "title": "should gave tags with routing object",
              "fullTitle": "Test with backend should gave tags with routing object",
              "timedOut": null,
              "duration": 2853,
              "state": "passed",
              "speed": "fast",
              "pass": true,
              "fail": false,
              "pending": false,
              "context": null,
              "code": "//it.only() to run only this test\ncy.get('.tag-list').should('contain', 'cypress').and('contain', 'automation').and('contain', 'testing');",
              "err": {},
              "uuid": "5a8567f3-fac8-4cd0-8466-b0c098e90c09",
              "parentUUID": "a1dfa378-b4d3-4124-bfcf-c27b5b86ad68",
              "isHook": false,
              "skipped": false
            },
            {
              "title": "should gave tags with routing object",
              "fullTitle": "Test with backend should gave tags with routing object",
              "timedOut": null,
              "duration": 2049,
              "state": "passed",
              "speed": "fast",
              "pass": true,
              "fail": false,
              "pending": false,
              "context": null,
              "code": "//it.only() to run only this test\ncy.get('.tag-list').should('contain', 'cypress').and('contain', 'automation').and('contain', 'testing');",
              "err": {},
              "uuid": "f1f30fe6-fe4e-4b87-8bec-20e560c0f7bc",
              "parentUUID": "a1dfa378-b4d3-4124-bfcf-c27b5b86ad68",
              "isHook": false,
              "skipped": false
            },
            {
              "title": "Verify the global feed likes count",
              "fullTitle": "Test with backend Verify the global feed likes count",
              "timedOut": null,
              "duration": 3059,
              "state": "passed",
              "speed": "fast",
              "pass": true,
              "fail": false,
              "pending": false,
              "context": null,
              "code": "// Feed tab GET Request fixture call URL without json file small Response directly passing as param\n// cy.route('GET', '**/articles/feed*', '{\"articles\":[],\"articlesCount\":0}') \ncy.intercept('GET', '**/articles/feed*', {\n  \"articles\": [],\n  \"articlesCount\": 0\n}); // Global Feeb tab GET request fixture call URL through json file from fixtures json\n// cy.route('GET', '**/articles*', 'fixture:articles.json') \ncy.intercept('GET', '**/articles*', {\n  fixture: 'articles.json'\n}); // Verify the Global Feed tab fixture articles favorite count\ncy.contains('Global Feed').click();\ncy.get('app-article-list button').then(listOfButtons => {\n  expect(listOfButtons[0]).to.contain(1);\n  expect(listOfButtons[1]).to.contain(5);\n}); // fixture() method to read the fixture files\ncy.fixture('articles').then(file => {\n  const articlelink = file.articles[1].slug; // arcticle name/link from the fixture mocked responsed json file\n  // cy.route('POST', '**/articles/'+articlelink+'/favorite', file) // concatenate the POST method request URL w.r.t to our fixture file\n  cy.intercept('POST', '**/articles/' + articlelink + '/favorite', file);\n});\ncy.get('app-article-list button').eq(1) // for second article which on 1 index\n.click().should('contain', '4'); //assertion fav. icon after click on fav. icon",
              "err": {},
              "uuid": "88ca5e59-342e-4f32-8cc3-97e6441c47a3",
              "parentUUID": "a1dfa378-b4d3-4124-bfcf-c27b5b86ad68",
              "isHook": false,
              "skipped": false
            },
            {
              "title": "To delete a new article in global feed",
              "fullTitle": "Test with backend To delete a new article in global feed",
              "timedOut": null,
              "duration": 1624,
              "state": "failed",
              "speed": null,
              "pass": false,
              "fail": true,
              "pending": false,
              "context": null,
              "code": "const bodyRequest = {\n  \"article\": {\n    \"tagList\": [],\n    \"title\": \"Request from APIs\",\n    \"description\": \"API testing is easy\",\n    \"body\": \"Angular is cool\"\n  }\n}; // 1 Call login API\n//   cy.request('POST', Cypress.env('apiUrl')+'/api/users/login', UserCredentials)\n//   .its('body').then(body =>{\n//       const token = body.user.token\ncy.get('@token').then(token => {\n  // token getting from commands.js\n  // 2 get token from login API & then call articles API with authorization\n  cy.request({\n    url: Cypress.env('apiUrl') + '/api/articles/',\n    //cocatenate the apiUrl from env variable\n    headers: {\n      'Authorization': 'Token ' + token\n    },\n    // \"Token\" text concatenation with token value from variable\n    method: 'POST',\n    body: bodyRequest\n  }).then(response => {\n    expect(response.status).to.equal(200); // Assertion for 200 response match\n  }); // UI actions\n  cy.wait(500);\n  cy.contains(' Title1656956844385 ').click();\n  cy.get('.article-preview').first().click();\n  cy.get('.article-actions').contains(' Delete Article ').click(); // get Articles objects listing after deletion of first & assertion\n  cy.wait(500);\n  cy.request({\n    url: Cypress.env('apiUrl') + '/api/articles?limit=10&offset=0',\n    headers: {\n      'Authorization': 'Token ' + token\n    },\n    method: 'GET'\n  }).its('body').then(body => {\n    //   console.log(body)\n    expect(body.articles[0].title).not.to.equal('Request from APIs');\n  });\n});",
              "err": {
                "message": "CypressError: `cy.request()` failed on:\n\nhttps://conduit.productionready.io/api/articles/\n\nThe response we received from your web server was:\n\n  > 422: Unprocessable Entity\n\nThis was considered a failure because the status code was not `2xx` or `3xx`.\n\nIf you do not want status codes to cause failures pass the option: `failOnStatusCode: false`\n\n-----------------------------------------------------------\n\nThe request we sent was:\n\nMethod: POST\nURL: https://conduit.productionready.io/api/articles/\nHeaders: {\n  \"Connection\": \"keep-alive\",\n  \"Authorization\": \"Token eyJhbGciOiJIUzI1NiIsInR5cCI6IkpXVCJ9.eyJlbWFpbCI6ImFydGVtLmJvbmRhcjE2QGdtYWlsLmNvbSIsInVzZXJuYW1lIjoiYXJ0ZW0iLCJpYXQiOjE2NjAzMDA5NzAsImV4cCI6MTY2NTQ4NDk3MH0.sNgaD0Uuugxdu08XinK0ajAInquL7fFGY5o9isQFOq0\",\n  \"user-agent\": \"Mozilla/5.0 (Windows NT 10.0; Win64; x64) AppleWebKit/537.36 (KHTML, like Gecko) HeadlessChrome/104.0.5112.81 Safari/537.36 Edg/104.0.1293.47\",\n  \"accept\": \"*/*\",\n  \"accept-encoding\": \"gzip, deflate\",\n  \"content-type\": \"application/json\",\n  \"content-length\": 115,\n  \"referer\": \"https://conduit.productionready.io/api/articles/\"\n}\nBody: {\"article\":{\"tagList\":[],\"title\":\"Request from APIs\",\"description\":\"API testing is easy\",\"body\":\"Angular is cool\"}}\nRedirects: [\n  \"307: https://api.realworld.io/api/articles/\"\n]\n\n-----------------------------------------------------------\n\nThe response we got was:\n\nStatus: 422 - Unprocessable Entity\nHeaders: {\n  \"date\": \"Fri, 12 Aug 2022 10:42:51 GMT\",\n  \"content-type\": \"application/json; charset=utf-8\",\n  \"content-length\": \"39\",\n  \"connection\": \"keep-alive\",\n  \"x-powered-by\": \"Express\",\n  \"access-control-allow-origin\": \"*\",\n  \"etag\": \"W/\\\"27-BNeuaWQ7DHvW/r+pl+qdJiF06Is\\\"\",\n  \"via\": \"1.1 vegur\",\n  \"cf-cache-status\": \"DYNAMIC\",\n  \"expect-ct\": \"max-age=604800, report-uri=\\\"https://report-uri.cloudflare.com/cdn-cgi/beacon/expect-ct\\\"\",\n  \"report-to\": \"{\\\"endpoints\\\":[{\\\"url\\\":\\\"https:\\\\/\\\\/a.nel.cloudflare.com\\\\/report\\\\/v3?s=d0vZ0yYXd6866WCY34RvGH6emSsO3I1eZukp00KYWy5ZENULw746bNA4S6cy7GX8zhWIdP85RT8Gr0iV8NMKChoX3aJg1S1VXyD1WtMRM3yCLz%2FLwlZCuHZLKqIfRRbyWtjo\\\"}],\\\"group\\\":\\\"cf-nel\\\",\\\"max_age\\\":604800}\",\n  \"nel\": \"{\\\"success_fraction\\\":0,\\\"report_to\\\":\\\"cf-nel\\\",\\\"max_age\\\":604800}\",\n  \"server\": \"cloudflare\",\n  \"cf-ray\": \"73989b500cd3b8c7-AMS\",\n  \"alt-svc\": \"h3=\\\":443\\\"; ma=86400, h3-29=\\\":443\\\"; ma=86400\"\n}\nBody: {\n  \"errors\": {\n    \"title\": [\n      \"must be unique\"\n    ]\n  }\n}\n\n\nhttps://on.cypress.io/request",
                "estack": "CypressError: `cy.request()` failed on:\n\nhttps://conduit.productionready.io/api/articles/\n\nThe response we received from your web server was:\n\n  > 422: Unprocessable Entity\n\nThis was considered a failure because the status code was not `2xx` or `3xx`.\n\nIf you do not want status codes to cause failures pass the option: `failOnStatusCode: false`\n\n-----------------------------------------------------------\n\nThe request we sent was:\n\nMethod: POST\nURL: https://conduit.productionready.io/api/articles/\nHeaders: {\n  \"Connection\": \"keep-alive\",\n  \"Authorization\": \"Token eyJhbGciOiJIUzI1NiIsInR5cCI6IkpXVCJ9.eyJlbWFpbCI6ImFydGVtLmJvbmRhcjE2QGdtYWlsLmNvbSIsInVzZXJuYW1lIjoiYXJ0ZW0iLCJpYXQiOjE2NjAzMDA5NzAsImV4cCI6MTY2NTQ4NDk3MH0.sNgaD0Uuugxdu08XinK0ajAInquL7fFGY5o9isQFOq0\",\n  \"user-agent\": \"Mozilla/5.0 (Windows NT 10.0; Win64; x64) AppleWebKit/537.36 (KHTML, like Gecko) HeadlessChrome/104.0.5112.81 Safari/537.36 Edg/104.0.1293.47\",\n  \"accept\": \"*/*\",\n  \"accept-encoding\": \"gzip, deflate\",\n  \"content-type\": \"application/json\",\n  \"content-length\": 115,\n  \"referer\": \"https://conduit.productionready.io/api/articles/\"\n}\nBody: {\"article\":{\"tagList\":[],\"title\":\"Request from APIs\",\"description\":\"API testing is easy\",\"body\":\"Angular is cool\"}}\nRedirects: [\n  \"307: https://api.realworld.io/api/articles/\"\n]\n\n-----------------------------------------------------------\n\nThe response we got was:\n\nStatus: 422 - Unprocessable Entity\nHeaders: {\n  \"date\": \"Fri, 12 Aug 2022 10:42:51 GMT\",\n  \"content-type\": \"application/json; charset=utf-8\",\n  \"content-length\": \"39\",\n  \"connection\": \"keep-alive\",\n  \"x-powered-by\": \"Express\",\n  \"access-control-allow-origin\": \"*\",\n  \"etag\": \"W/\\\"27-BNeuaWQ7DHvW/r+pl+qdJiF06Is\\\"\",\n  \"via\": \"1.1 vegur\",\n  \"cf-cache-status\": \"DYNAMIC\",\n  \"expect-ct\": \"max-age=604800, report-uri=\\\"https://report-uri.cloudflare.com/cdn-cgi/beacon/expect-ct\\\"\",\n  \"report-to\": \"{\\\"endpoints\\\":[{\\\"url\\\":\\\"https:\\\\/\\\\/a.nel.cloudflare.com\\\\/report\\\\/v3?s=d0vZ0yYXd6866WCY34RvGH6emSsO3I1eZukp00KYWy5ZENULw746bNA4S6cy7GX8zhWIdP85RT8Gr0iV8NMKChoX3aJg1S1VXyD1WtMRM3yCLz%2FLwlZCuHZLKqIfRRbyWtjo\\\"}],\\\"group\\\":\\\"cf-nel\\\",\\\"max_age\\\":604800}\",\n  \"nel\": \"{\\\"success_fraction\\\":0,\\\"report_to\\\":\\\"cf-nel\\\",\\\"max_age\\\":604800}\",\n  \"server\": \"cloudflare\",\n  \"cf-ray\": \"73989b500cd3b8c7-AMS\",\n  \"alt-svc\": \"h3=\\\":443\\\"; ma=86400, h3-29=\\\":443\\\"; ma=86400\"\n}\nBody: {\n  \"errors\": {\n    \"title\": [\n      \"must be unique\"\n    ]\n  }\n}\n\n\nhttps://on.cypress.io/request\n    at http://localhost:4200/__cypress/runner/cypress_runner.js:158470:80\n    at tryCatcher (http://localhost:4200/__cypress/runner/cypress_runner.js:13012:23)\n    at Promise._settlePromiseFromHandler (http://localhost:4200/__cypress/runner/cypress_runner.js:10947:31)\n    at Promise._settlePromise (http://localhost:4200/__cypress/runner/cypress_runner.js:11004:18)\n    at Promise._settlePromise0 (http://localhost:4200/__cypress/runner/cypress_runner.js:11049:10)\n    at Promise._settlePromises (http://localhost:4200/__cypress/runner/cypress_runner.js:11129:18)\n    at _drainQueueStep (http://localhost:4200/__cypress/runner/cypress_runner.js:7719:12)\n    at _drainQueue (http://localhost:4200/__cypress/runner/cypress_runner.js:7712:9)\n    at ../../node_modules/bluebird/js/release/async.js.Async._drainQueues (http://localhost:4200/__cypress/runner/cypress_runner.js:7728:5)\n    at Async.drainQueues (http://localhost:4200/__cypress/runner/cypress_runner.js:7598:14)\nFrom Your Spec Code:\n    at Context.eval (http://localhost:4200/__cypress/tests?p=cypress\\e2e\\firstTest.cy.js:226:10)",
                "diff": null
              },
              "uuid": "5149eb4b-36d8-482a-926a-6a9b54678304",
              "parentUUID": "a1dfa378-b4d3-4124-bfcf-c27b5b86ad68",
              "isHook": false,
              "skipped": false
            }
          ],
          "suites": [],
          "passes": [
            "5a8567f3-fac8-4cd0-8466-b0c098e90c09",
            "f1f30fe6-fe4e-4b87-8bec-20e560c0f7bc",
            "88ca5e59-342e-4f32-8cc3-97e6441c47a3"
          ],
          "failures": [
            "6c52b26c-da34-47e7-b94a-38bb1788c264",
            "2a8b63ac-40db-4eb1-869c-9a37f4f8dde7",
            "5149eb4b-36d8-482a-926a-6a9b54678304"
          ],
          "pending": [],
          "skipped": [],
          "duration": 20691,
          "root": false,
          "rootEmpty": false,
          "_timeout": 2000
        }
      ],
      "passes": [],
      "failures": [],
      "pending": [],
      "skipped": [],
      "duration": 0,
      "root": true,
      "rootEmpty": true,
      "_timeout": 2000
    }
  ],
  "meta": {
    "mocha": {
      "version": "7.0.1"
    },
    "mochawesome": {
      "options": {
        "quiet": false,
        "reportFilename": "mochawesome",
        "saveHtml": false,
        "saveJson": true,
        "consoleReporter": "spec",
        "useInlineDiffs": false,
        "code": true
      },
      "version": "7.1.3"
    },
    "marge": {
      "options": {
        "id": "default",
        "reportDir": "cypress/results/mochawesome",
        "overwrite": false,
        "html": false,
        "json": true
      },
      "version": "6.2.0"
    }
  }
}