<?xml version="1.0" encoding="UTF-8"?>
<testsuites name="Mocha Tests" time="7.9440" tests="1" failures="1">
  <testsuite name="Root Suite" timestamp="2022-07-05T05:23:07" tests="0" file="cypress\e2e\secondTest.cy.js" time="0.0000" failures="0">
  </testsuite>
  <testsuite name="Test log out" timestamp="2022-07-05T05:23:07" tests="1" time="7.9040" failures="1">
    <testcase name="Test log out Verify user can logout sucessfully" time="0.0000" classname="Verify user can logout sucessfully">
      <failure message="Timed out retrying after 4000ms: Expected to find content: &apos;Settings&apos; but never did." type="AssertionError"><![CDATA[AssertionError: Timed out retrying after 4000ms: Expected to find content: 'Settings' but never did.
    at Context.eval (http://localhost:4200/__cypress/tests?p=cypress\e2e\secondTest.cy.js:104:8)]]></failure>
    </testcase>
  </testsuite>
</testsuites>