<?xml version="1.0" encoding="UTF-8"?>
<testsuites name="Mocha Tests" time="4.5870" tests="1" failures="0">
  <testsuite name="Root Suite" timestamp="2022-07-05T05:38:13" tests="0" file="cypress\e2e\secondTest.cy.js" time="0.0000" failures="0">
  </testsuite>
  <testsuite name="Test log out" timestamp="2022-07-05T05:38:13" tests="1" time="4.5330" failures="0">
    <testcase name="Test log out Verify user can logout sucessfully" time="4.4460" classname="Verify user can logout sucessfully">
    </testcase>
  </testsuite>
</testsuites>