<?xml version="1.0" encoding="UTF-8"?>
<testsuites name="Mocha Tests" time="21.7230" tests="6" failures="3">
  <testsuite name="Root Suite" timestamp="2022-08-12T10:35:30" tests="0" file="cypress\e2e\firstTest.cy.js" time="0.0000" failures="0">
  </testsuite>
  <testsuite name="Test with backend" timestamp="2022-08-12T10:35:30" tests="6" time="21.6810" failures="3">
    <testcase name="Test with backend Verify correct request and response" time="0.0000" classname="Verify correct request and response">
      <failure message="expected 307 to equal 200" type="AssertionError"><![CDATA[AssertionError: expected 307 to equal 200
    at Context.eval (http://localhost:4200/__cypress/tests?p=cypress\e2e\firstTest.cy.js:136:42)]]></failure>
    </testcase>
    <testcase name="Test with backend Intercepting and modifying the request and response" time="0.0000" classname="Intercepting and modifying the request and response">
      <failure message="Cannot read properties of undefined (reading &apos;description&apos;)" type="TypeError"><![CDATA[TypeError: Cannot read properties of undefined (reading 'description')
    at eval (http://localhost:4200/__cypress/tests?p=cypress\e2e\firstTest.cy.js:152:33)]]></failure>
    </testcase>
    <testcase name="Test with backend should gave tags with routing object" time="2.3430" classname="should gave tags with routing object">
    </testcase>
    <testcase name="Test with backend should gave tags with routing object" time="2.1460" classname="should gave tags with routing object">
    </testcase>
    <testcase name="Test with backend Verify the global feed likes count" time="2.6260" classname="Verify the global feed likes count">
    </testcase>
    <testcase name="Test with backend To delete a new article in global feed" time="0.0000" classname="To delete a new article in global feed">
      <failure message="`cy.request()` failed on:

https://conduit.productionready.io/api/articles/

The response we received from your web server was:

  &gt; 422: Unprocessable Entity

This was considered a failure because the status code was not `2xx` or `3xx`.

If you do not want status codes to cause failures pass the option: `failOnStatusCode: false`

-----------------------------------------------------------

The request we sent was:

Method: POST
URL: https://conduit.productionready.io/api/articles/
Headers: {
  &quot;Connection&quot;: &quot;keep-alive&quot;,
  &quot;Authorization&quot;: &quot;Token eyJhbGciOiJIUzI1NiIsInR5cCI6IkpXVCJ9.eyJlbWFpbCI6ImFydGVtLmJvbmRhcjE2QGdtYWlsLmNvbSIsInVzZXJuYW1lIjoiYXJ0ZW0iLCJpYXQiOjE2NjAzMDA1NTAsImV4cCI6MTY2NTQ4NDU1MH0.6g6iMqV5BCaEdwloSCF0Tw83Nn8CukSNSQ_ztxUmQ_M&quot;,
  &quot;user-agent&quot;: &quot;Mozilla/5.0 (Windows NT 10.0; Win64; x64) AppleWebKit/537.36 (KHTML, like Gecko) HeadlessChrome/104.0.5112.81 Safari/537.36&quot;,
  &quot;accept&quot;: &quot;*/*&quot;,
  &quot;accept-encoding&quot;: &quot;gzip, deflate&quot;,
  &quot;content-type&quot;: &quot;application/json&quot;,
  &quot;content-length&quot;: 115,
  &quot;referer&quot;: &quot;https://conduit.productionready.io/api/articles/&quot;
}
Body: {&quot;article&quot;:{&quot;tagList&quot;:[],&quot;title&quot;:&quot;Request from APIs&quot;,&quot;description&quot;:&quot;API testing is easy&quot;,&quot;body&quot;:&quot;Angular is cool&quot;}}
Redirects: [
  &quot;307: https://api.realworld.io/api/articles/&quot;
]

-----------------------------------------------------------

The response we got was:

Status: 422 - Unprocessable Entity
Headers: {
  &quot;date&quot;: &quot;Fri, 12 Aug 2022 10:35:51 GMT&quot;,
  &quot;content-type&quot;: &quot;application/json; charset=utf-8&quot;,
  &quot;content-length&quot;: &quot;39&quot;,
  &quot;connection&quot;: &quot;keep-alive&quot;,
  &quot;x-powered-by&quot;: &quot;Express&quot;,
  &quot;access-control-allow-origin&quot;: &quot;*&quot;,
  &quot;etag&quot;: &quot;W/\&quot;27-BNeuaWQ7DHvW/r+pl+qdJiF06Is\&quot;&quot;,
  &quot;via&quot;: &quot;1.1 vegur&quot;,
  &quot;cf-cache-status&quot;: &quot;DYNAMIC&quot;,
  &quot;expect-ct&quot;: &quot;max-age=604800, report-uri=\&quot;https://report-uri.cloudflare.com/cdn-cgi/beacon/expect-ct\&quot;&quot;,
  &quot;report-to&quot;: &quot;{\&quot;endpoints\&quot;:[{\&quot;url\&quot;:\&quot;https:\\/\\/a.nel.cloudflare.com\\/report\\/v3?s=%2FV8ekdUfjeF23kmQ4GRcdstd4C3EDkYRB9ibaHd9sWyHhdUWljmMjlvOXCG9eI%2BtCO9hewd3DlfPdGFQxXxGnLwdySkaR9%2B3HR9bKmqEixRg8HKB%2BS%2FYk%2BBCrVwqBaI42yNf\&quot;}],\&quot;group\&quot;:\&quot;cf-nel\&quot;,\&quot;max_age\&quot;:604800}&quot;,
  &quot;nel&quot;: &quot;{\&quot;success_fraction\&quot;:0,\&quot;report_to\&quot;:\&quot;cf-nel\&quot;,\&quot;max_age\&quot;:604800}&quot;,
  &quot;server&quot;: &quot;cloudflare&quot;,
  &quot;cf-ray&quot;: &quot;7398910dfbb40c79-AMS&quot;,
  &quot;alt-svc&quot;: &quot;h3=\&quot;:443\&quot;; ma=86400, h3-29=\&quot;:443\&quot;; ma=86400&quot;
}
Body: {
  &quot;errors&quot;: {
    &quot;title&quot;: [
      &quot;must be unique&quot;
    ]
  }
}


https://on.cypress.io/request" type="CypressError"><![CDATA[CypressError: `cy.request()` failed on:

https://conduit.productionready.io/api/articles/

The response we received from your web server was:

  > 422: Unprocessable Entity

This was considered a failure because the status code was not `2xx` or `3xx`.

If you do not want status codes to cause failures pass the option: `failOnStatusCode: false`

-----------------------------------------------------------

The request we sent was:

Method: POST
URL: https://conduit.productionready.io/api/articles/
Headers: {
  "Connection": "keep-alive",
  "Authorization": "Token eyJhbGciOiJIUzI1NiIsInR5cCI6IkpXVCJ9.eyJlbWFpbCI6ImFydGVtLmJvbmRhcjE2QGdtYWlsLmNvbSIsInVzZXJuYW1lIjoiYXJ0ZW0iLCJpYXQiOjE2NjAzMDA1NTAsImV4cCI6MTY2NTQ4NDU1MH0.6g6iMqV5BCaEdwloSCF0Tw83Nn8CukSNSQ_ztxUmQ_M",
  "user-agent": "Mozilla/5.0 (Windows NT 10.0; Win64; x64) AppleWebKit/537.36 (KHTML, like Gecko) HeadlessChrome/104.0.5112.81 Safari/537.36",
  "accept": "*/*",
  "accept-encoding": "gzip, deflate",
  "content-type": "application/json",
  "content-length": 115,
  "referer": "https://conduit.productionready.io/api/articles/"
}
Body: {"article":{"tagList":[],"title":"Request from APIs","description":"API testing is easy","body":"Angular is cool"}}
Redirects: [
  "307: https://api.realworld.io/api/articles/"
]

-----------------------------------------------------------

The response we got was:

Status: 422 - Unprocessable Entity
Headers: {
  "date": "Fri, 12 Aug 2022 10:35:51 GMT",
  "content-type": "application/json; charset=utf-8",
  "content-length": "39",
  "connection": "keep-alive",
  "x-powered-by": "Express",
  "access-control-allow-origin": "*",
  "etag": "W/\"27-BNeuaWQ7DHvW/r+pl+qdJiF06Is\"",
  "via": "1.1 vegur",
  "cf-cache-status": "DYNAMIC",
  "expect-ct": "max-age=604800, report-uri=\"https://report-uri.cloudflare.com/cdn-cgi/beacon/expect-ct\"",
  "report-to": "{\"endpoints\":[{\"url\":\"https:\\/\\/a.nel.cloudflare.com\\/report\\/v3?s=%2FV8ekdUfjeF23kmQ4GRcdstd4C3EDkYRB9ibaHd9sWyHhdUWljmMjlvOXCG9eI%2BtCO9hewd3DlfPdGFQxXxGnLwdySkaR9%2B3HR9bKmqEixRg8HKB%2BS%2FYk%2BBCrVwqBaI42yNf\"}],\"group\":\"cf-nel\",\"max_age\":604800}",
  "nel": "{\"success_fraction\":0,\"report_to\":\"cf-nel\",\"max_age\":604800}",
  "server": "cloudflare",
  "cf-ray": "7398910dfbb40c79-AMS",
  "alt-svc": "h3=\":443\"; ma=86400, h3-29=\":443\"; ma=86400"
}
Body: {
  "errors": {
    "title": [
      "must be unique"
    ]
  }
}


https://on.cypress.io/request
    at http://localhost:4200/__cypress/runner/cypress_runner.js:158470:80
    at tryCatcher (http://localhost:4200/__cypress/runner/cypress_runner.js:13012:23)
    at Promise._settlePromiseFromHandler (http://localhost:4200/__cypress/runner/cypress_runner.js:10947:31)
    at Promise._settlePromise (http://localhost:4200/__cypress/runner/cypress_runner.js:11004:18)
    at Promise._settlePromise0 (http://localhost:4200/__cypress/runner/cypress_runner.js:11049:10)
    at Promise._settlePromises (http://localhost:4200/__cypress/runner/cypress_runner.js:11129:18)
    at _drainQueueStep (http://localhost:4200/__cypress/runner/cypress_runner.js:7719:12)
    at _drainQueue (http://localhost:4200/__cypress/runner/cypress_runner.js:7712:9)
    at ../../node_modules/bluebird/js/release/async.js.Async._drainQueues (http://localhost:4200/__cypress/runner/cypress_runner.js:7728:5)
    at Async.drainQueues (http://localhost:4200/__cypress/runner/cypress_runner.js:7598:14)
From Your Spec Code:
    at Context.eval (http://localhost:4200/__cypress/tests?p=cypress\e2e\firstTest.cy.js:226:10)]]></failure>
    </testcase>
  </testsuite>
</testsuites>