<?xml version="1.0" encoding="UTF-8"?>
<testsuites name="Mocha Tests" time="23.3250" tests="6" failures="3">
  <testsuite name="Root Suite" timestamp="2022-08-12T10:41:41" tests="0" file="cypress\e2e\firstTest.cy.js" time="0.0000" failures="0">
  </testsuite>
  <testsuite name="Test with backend" timestamp="2022-08-12T10:41:41" tests="6" time="23.2750" failures="3">
    <testcase name="Test with backend Verify correct request and response" time="0.0000" classname="Verify correct request and response">
      <failure message="expected 307 to equal 200" type="AssertionError"><![CDATA[AssertionError: expected 307 to equal 200
    ./cypress/e2e/firstTest.cy.js/</</<@http://localhost:4200/__cypress/tests?p=cypress\e2e\firstTest.cy.js:136:42
    getRet@http://localhost:4200/__cypress/runner/cypress_runner.js:153464:20
    tryCatcher@http://localhost:4200/__cypress/runner/cypress_runner.js:13012:23
    ../../node_modules/bluebird/js/release/method.js/module.exports/Promise.try@http://localhost:4200/__cypress/runner/cypress_runner.js:10286:29
    thenFn@http://localhost:4200/__cypress/runner/cypress_runner.js:153482:60
    then@http://localhost:4200/__cypress/runner/cypress_runner.js:153934:21
    ../driver/src/cypress/cy.ts/addCommand/wrapByType/<@http://localhost:4200/__cypress/runner/cypress_runner.js:171664:19
    ../driver/src/cypress/command_queue.ts/runCommand/<@http://localhost:4200/__cypress/runner/cypress_runner.js:170362:15
    tryCatcher@http://localhost:4200/__cypress/runner/cypress_runner.js:13012:23
    ../../node_modules/bluebird/js/release/promise.js/</module.exports/Promise.prototype._settlePromiseFromHandler@http://localhost:4200/__cypress/runner/cypress_runner.js:10947:31
    ../../node_modules/bluebird/js/release/promise.js/</module.exports/Promise.prototype._settlePromise@http://localhost:4200/__cypress/runner/cypress_runner.js:11004:18
    ../../node_modules/bluebird/js/release/promise.js/</module.exports/Promise.prototype._settlePromiseCtx@http://localhost:4200/__cypress/runner/cypress_runner.js:11041:10
    _drainQueueStep@http://localhost:4200/__cypress/runner/cypress_runner.js:7723:12
    _drainQueue@http://localhost:4200/__cypress/runner/cypress_runner.js:7712:24
    ../../node_modules/bluebird/js/release/async.js/</Async.prototype._drainQueues@http://localhost:4200/__cypress/runner/cypress_runner.js:7728:16
    ../../node_modules/bluebird/js/release/async.js/</Async/this.drainQueues@http://localhost:4200/__cypress/runner/cypress_runner.js:7598:14
]]></failure>
    </testcase>
    <testcase name="Test with backend Intercepting and modifying the request and response" time="0.0000" classname="Intercepting and modifying the request and response">
      <failure message="res.body.article is undefined" type="TypeError"><![CDATA[TypeError: res.body.article is undefined
./cypress/e2e/firstTest.cy.js/</</</<@http://localhost:4200/__cypress/tests?p=cypress\e2e\firstTest.cy.js:152:9
../driver/src/cy/net-stubbing/events/response.ts/onResponse/<@http://localhost:4200/__cypress/runner/cypress_runner.js:165784:12
tryCatcher@http://localhost:4200/__cypress/runner/cypress_runner.js:13012:23
../../node_modules/bluebird/js/release/method.js/module.exports/Promise.try@http://localhost:4200/__cypress/runner/cypress_runner.js:10286:29
onResponse@http://localhost:4200/__cypress/runner/cypress_runner.js:165783:58
../driver/src/cy/net-stubbing/events/index.ts/registerEvents/</<@http://localhost:4200/__cypress/runner/cypress_runner.js:165555:28
tryCatcher@http://localhost:4200/__cypress/runner/cypress_runner.js:13012:23
../../node_modules/bluebird/js/release/method.js/module.exports/Promise.try@http://localhost:4200/__cypress/runner/cypress_runner.js:10286:29
../driver/src/cy/net-stubbing/events/index.ts/registerEvents/<@http://localhost:4200/__cypress/runner/cypress_runner.js:165509:53
../driver/node_modules/eventemitter2/lib/eventemitter2.js/</EventEmitter.prototype.emit@http://localhost:4200/__cypress/runner/cypress_runner.js:103966:19
../driver/src/cypress/events.ts/extend/events.proxyTo/parent[fn]@http://localhost:4200/__cypress/runner/cypress_runner.js:175333:31
addGlobalListeners/</<@http://localhost:4200/__/assets/index.4615e94f.js:70202:17
Emitter2.prototype.emit@http://localhost:4200/__/assets/index.4615e94f.js:11553:23
emit@http://localhost:4200/__/assets/index.4615e94f.js:13167:11
emitEvent@http://localhost:4200/__/assets/index.4615e94f.js:13357:16
onevent@http://localhost:4200/__/assets/index.4615e94f.js:13345:12
onpacket@http://localhost:4200/__/assets/index.4615e94f.js:13316:14
Emitter2.prototype.emit@http://localhost:4200/__/assets/index.4615e94f.js:11553:23
emitReserved@http://localhost:4200/__/assets/index.4615e94f.js:13171:11
ondecoded@http://localhost:4200/__/assets/index.4615e94f.js:13648:10
Emitter2.prototype.emit@http://localhost:4200/__/assets/index.4615e94f.js:11553:23
add@http://localhost:4200/__/assets/index.4615e94f.js:13020:17
ondata@http://localhost:4200/__/assets/index.4615e94f.js:13645:18
Emitter2.prototype.emit@http://localhost:4200/__/assets/index.4615e94f.js:11553:23
onPacket@http://localhost:4200/__/assets/index.4615e94f.js:12541:16
setTransport/<@http://localhost:4200/__/assets/index.4615e94f.js:12410:13
Emitter2.prototype.emit@http://localhost:4200/__/assets/index.4615e94f.js:11553:23
onPacket@http://localhost:4200/__/assets/index.4615e94f.js:11615:10
onData@http://localhost:4200/__/assets/index.4615e94f.js:11612:10
addEventListeners/this.ws.onmessage@http://localhost:4200/__/assets/index.4615e94f.js:12175:38
]]></failure>
    </testcase>
    <testcase name="Test with backend should gave tags with routing object" time="2.8300" classname="should gave tags with routing object">
    </testcase>
    <testcase name="Test with backend should gave tags with routing object" time="3.0230" classname="should gave tags with routing object">
    </testcase>
    <testcase name="Test with backend Verify the global feed likes count" time="2.7360" classname="Verify the global feed likes count">
    </testcase>
    <testcase name="Test with backend To delete a new article in global feed" time="0.0000" classname="To delete a new article in global feed">
      <failure message="`cy.request()` failed on:

https://conduit.productionready.io/api/articles/

The response we received from your web server was:

  &gt; 422: Unprocessable Entity

This was considered a failure because the status code was not `2xx` or `3xx`.

If you do not want status codes to cause failures pass the option: `failOnStatusCode: false`

-----------------------------------------------------------

The request we sent was:

Method: POST
URL: https://conduit.productionready.io/api/articles/
Headers: {
  &quot;Connection&quot;: &quot;keep-alive&quot;,
  &quot;Authorization&quot;: &quot;Token eyJhbGciOiJIUzI1NiIsInR5cCI6IkpXVCJ9.eyJlbWFpbCI6ImFydGVtLmJvbmRhcjE2QGdtYWlsLmNvbSIsInVzZXJuYW1lIjoiYXJ0ZW0iLCJpYXQiOjE2NjAzMDA5MjMsImV4cCI6MTY2NTQ4NDkyM30.CaXtoGP5vKizveQWj9yxYLQI_9MpHFQiSGQwax9WW8Q&quot;,
  &quot;user-agent&quot;: &quot;Mozilla/5.0 (Windows NT 10.0; Win64; x64; rv:103.0) Gecko/20100101 Firefox/103.0&quot;,
  &quot;accept&quot;: &quot;*/*&quot;,
  &quot;accept-encoding&quot;: &quot;gzip, deflate&quot;,
  &quot;content-type&quot;: &quot;application/json&quot;,
  &quot;content-length&quot;: 115,
  &quot;referer&quot;: &quot;https://conduit.productionready.io/api/articles/&quot;
}
Body: {&quot;article&quot;:{&quot;tagList&quot;:[],&quot;title&quot;:&quot;Request from APIs&quot;,&quot;description&quot;:&quot;API testing is easy&quot;,&quot;body&quot;:&quot;Angular is cool&quot;}}
Redirects: [
  &quot;307: https://api.realworld.io/api/articles/&quot;
]

-----------------------------------------------------------

The response we got was:

Status: 422 - Unprocessable Entity
Headers: {
  &quot;date&quot;: &quot;Fri, 12 Aug 2022 10:42:04 GMT&quot;,
  &quot;content-type&quot;: &quot;application/json; charset=utf-8&quot;,
  &quot;content-length&quot;: &quot;39&quot;,
  &quot;connection&quot;: &quot;keep-alive&quot;,
  &quot;x-powered-by&quot;: &quot;Express&quot;,
  &quot;access-control-allow-origin&quot;: &quot;*&quot;,
  &quot;etag&quot;: &quot;W/\&quot;27-BNeuaWQ7DHvW/r+pl+qdJiF06Is\&quot;&quot;,
  &quot;via&quot;: &quot;1.1 vegur&quot;,
  &quot;cf-cache-status&quot;: &quot;DYNAMIC&quot;,
  &quot;expect-ct&quot;: &quot;max-age=604800, report-uri=\&quot;https://report-uri.cloudflare.com/cdn-cgi/beacon/expect-ct\&quot;&quot;,
  &quot;report-to&quot;: &quot;{\&quot;endpoints\&quot;:[{\&quot;url\&quot;:\&quot;https:\\/\\/a.nel.cloudflare.com\\/report\\/v3?s=9PwR2tIkM1MVSBgHUQgSeLmqG4vVnDUDRV%2Fpq%2B2eh9DXXQlQrKS8sMRhkInvPUyDdaBfI%2BSJgbeGdfi3bssmJ6OXHqpscKXyKPcpNE7a978LcUR61pIhUBrCNbgVRAp2f7t7\&quot;}],\&quot;group\&quot;:\&quot;cf-nel\&quot;,\&quot;max_age\&quot;:604800}&quot;,
  &quot;nel&quot;: &quot;{\&quot;success_fraction\&quot;:0,\&quot;report_to\&quot;:\&quot;cf-nel\&quot;,\&quot;max_age\&quot;:604800}&quot;,
  &quot;server&quot;: &quot;cloudflare&quot;,
  &quot;cf-ray&quot;: &quot;73989a28cebfb84e-AMS&quot;,
  &quot;alt-svc&quot;: &quot;h3=\&quot;:443\&quot;; ma=86400, h3-29=\&quot;:443\&quot;; ma=86400&quot;
}
Body: {
  &quot;errors&quot;: {
    &quot;title&quot;: [
      &quot;must be unique&quot;
    ]
  }
}


https://on.cypress.io/request" type="CypressError"><![CDATA[CypressError: `cy.request()` failed on:

https://conduit.productionready.io/api/articles/

The response we received from your web server was:

  > 422: Unprocessable Entity

This was considered a failure because the status code was not `2xx` or `3xx`.

If you do not want status codes to cause failures pass the option: `failOnStatusCode: false`

-----------------------------------------------------------

The request we sent was:

Method: POST
URL: https://conduit.productionready.io/api/articles/
Headers: {
  "Connection": "keep-alive",
  "Authorization": "Token eyJhbGciOiJIUzI1NiIsInR5cCI6IkpXVCJ9.eyJlbWFpbCI6ImFydGVtLmJvbmRhcjE2QGdtYWlsLmNvbSIsInVzZXJuYW1lIjoiYXJ0ZW0iLCJpYXQiOjE2NjAzMDA5MjMsImV4cCI6MTY2NTQ4NDkyM30.CaXtoGP5vKizveQWj9yxYLQI_9MpHFQiSGQwax9WW8Q",
  "user-agent": "Mozilla/5.0 (Windows NT 10.0; Win64; x64; rv:103.0) Gecko/20100101 Firefox/103.0",
  "accept": "*/*",
  "accept-encoding": "gzip, deflate",
  "content-type": "application/json",
  "content-length": 115,
  "referer": "https://conduit.productionready.io/api/articles/"
}
Body: {"article":{"tagList":[],"title":"Request from APIs","description":"API testing is easy","body":"Angular is cool"}}
Redirects: [
  "307: https://api.realworld.io/api/articles/"
]

-----------------------------------------------------------

The response we got was:

Status: 422 - Unprocessable Entity
Headers: {
  "date": "Fri, 12 Aug 2022 10:42:04 GMT",
  "content-type": "application/json; charset=utf-8",
  "content-length": "39",
  "connection": "keep-alive",
  "x-powered-by": "Express",
  "access-control-allow-origin": "*",
  "etag": "W/\"27-BNeuaWQ7DHvW/r+pl+qdJiF06Is\"",
  "via": "1.1 vegur",
  "cf-cache-status": "DYNAMIC",
  "expect-ct": "max-age=604800, report-uri=\"https://report-uri.cloudflare.com/cdn-cgi/beacon/expect-ct\"",
  "report-to": "{\"endpoints\":[{\"url\":\"https:\\/\\/a.nel.cloudflare.com\\/report\\/v3?s=9PwR2tIkM1MVSBgHUQgSeLmqG4vVnDUDRV%2Fpq%2B2eh9DXXQlQrKS8sMRhkInvPUyDdaBfI%2BSJgbeGdfi3bssmJ6OXHqpscKXyKPcpNE7a978LcUR61pIhUBrCNbgVRAp2f7t7\"}],\"group\":\"cf-nel\",\"max_age\":604800}",
  "nel": "{\"success_fraction\":0,\"report_to\":\"cf-nel\",\"max_age\":604800}",
  "server": "cloudflare",
  "cf-ray": "73989a28cebfb84e-AMS",
  "alt-svc": "h3=\":443\"; ma=86400, h3-29=\":443\"; ma=86400"
}
Body: {
  "errors": {
    "title": [
      "must be unique"
    ]
  }
}


https://on.cypress.io/request
../driver/src/cy/commands/request.ts/</__webpack_exports__.default/request/<@http://localhost:4200/__cypress/runner/cypress_runner.js:158470:80
tryCatcher@http://localhost:4200/__cypress/runner/cypress_runner.js:13012:23
../../node_modules/bluebird/js/release/promise.js/</module.exports/Promise.prototype._settlePromiseFromHandler@http://localhost:4200/__cypress/runner/cypress_runner.js:10947:31
../../node_modules/bluebird/js/release/promise.js/</module.exports/Promise.prototype._settlePromise@http://localhost:4200/__cypress/runner/cypress_runner.js:11004:18
../../node_modules/bluebird/js/release/promise.js/</module.exports/Promise.prototype._settlePromise0@http://localhost:4200/__cypress/runner/cypress_runner.js:11049:10
../../node_modules/bluebird/js/release/promise.js/</module.exports/Promise.prototype._settlePromises@http://localhost:4200/__cypress/runner/cypress_runner.js:11129:18
_drainQueueStep@http://localhost:4200/__cypress/runner/cypress_runner.js:7719:12
_drainQueue@http://localhost:4200/__cypress/runner/cypress_runner.js:7712:24
../../node_modules/bluebird/js/release/async.js/</Async.prototype._drainQueues@http://localhost:4200/__cypress/runner/cypress_runner.js:7728:16
../../node_modules/bluebird/js/release/async.js/</Async/this.drainQueues@http://localhost:4200/__cypress/runner/cypress_runner.js:7598:14
From Your Spec Code:
    ensureExistence@http://localhost:4200/__cypress/runner/cypress_runner.js:161930:13
    ensureExistence@http://localhost:4200/__cypress/runner/cypress_runner.js:148162:23
    tryCatcher@http://localhost:4200/__cypress/runner/cypress_runner.js:13012:23
    ../../node_modules/bluebird/js/release/method.js/module.exports/Promise.try@http://localhost:4200/__cypress/runner/cypress_runner.js:10286:29
    verifyUpcomingAssertions@http://localhost:4200/__cypress/runner/cypress_runner.js:148259:64
    ../driver/src/cy/commands/connectors.ts/__webpack_exports__.default/invokeBaseFn/resolveValue/<@http://localhost:4200/__cypress/runner/cypress_runner.js:153797:19
    tryCatcher@http://localhost:4200/__cypress/runner/cypress_runner.js:13012:23
    ../../node_modules/bluebird/js/release/promise.js/</module.exports/Promise.prototype._settlePromiseFromHandler@http://localhost:4200/__cypress/runner/cypress_runner.js:10947:31
    ../../node_modules/bluebird/js/release/promise.js/</module.exports/Promise.prototype._settlePromise@http://localhost:4200/__cypress/runner/cypress_runner.js:11004:18
    ../../node_modules/bluebird/js/release/promise.js/</module.exports/Promise.prototype._settlePromise0@http://localhost:4200/__cypress/runner/cypress_runner.js:11049:10
    ../../node_modules/bluebird/js/release/promise.js/</module.exports/Promise.prototype._settlePromises@http://localhost:4200/__cypress/runner/cypress_runner.js:11129:18
    _drainQueueStep@http://localhost:4200/__cypress/runner/cypress_runner.js:7719:12
    _drainQueue@http://localhost:4200/__cypress/runner/cypress_runner.js:7712:24
    ../../node_modules/bluebird/js/release/async.js/</Async.prototype._drainQueues@http://localhost:4200/__cypress/runner/cypress_runner.js:7728:16
    ../../node_modules/bluebird/js/release/async.js/</Async/this.drainQueues@http://localhost:4200/__cypress/runner/cypress_runner.js:7598:14
]]></failure>
    </testcase>
  </testsuite>
</testsuites>